2017-06-07 20:44:32  [ main:0 ] - [ INFO ]  key-value编码： &AccessKeyId=LTAImKyenyClI8EV&Action=DescribeDomains&Format=JSON&SignatureMethod=HMAC-SHA1&SignatureNonce=df46b0b1-1268-4e6d-a759-e6e8e6ef0a59&SignatureVersion=1.0&TimeStamp=2017-06-07T12%3A44%3A32Z&Version=2015-01-09
2017-06-07 20:44:32  [ main:4 ] - [ INFO ]  stringToSign: GET&%2F&AccessKeyId%3DLTAImKyenyClI8EV%26Action%3DDescribeDomains%26Format%3DJSON%26SignatureMethod%3DHMAC-SHA1%26SignatureNonce%3Ddf46b0b1-1268-4e6d-a759-e6e8e6ef0a59%26SignatureVersion%3D1.0%26TimeStamp%3D2017-06-07T12%253A44%253A32Z%26Version%3D2015-01-09
2017-06-07 20:44:32  [ main:4 ] - [ INFO ]  canonicalizedQueryString: &AccessKeyId=LTAImKyenyClI8EV&Action=DescribeDomains&Format=JSON&SignatureMethod=HMAC-SHA1&SignatureNonce=df46b0b1-1268-4e6d-a759-e6e8e6ef0a59&SignatureVersion=1.0&TimeStamp=2017-06-07T12%3A44%3A32Z&Version=2015-01-09
2017-06-07 20:44:32  [ main:218 ] - [ INFO ]  Signature=sAbmB/2Cy/mNsaolaFwbbOTtmW4=
2017-06-07 20:44:32  [ main:219 ] - [ INFO ]  time: 2017-06-07T12:44:32Z
2017-06-07 20:44:32  [ main:219 ] - [ INFO ]  https://alidns.aliyuncs.com/?AccessKeyId=LTAImKyenyClI8EV&Action=DescribeDomains&Format=JSON&SignatureMethod=HMAC-SHA1&SignatureNonce=df46b0b1-1268-4e6d-a759-e6e8e6ef0a59&SignatureVersion=1.0&TimeStamp=2017-06-07T12%3A44%3A32Z&Version=2015-01-09Signature=sAbmB/2Cy/mNsaolaFwbbOTtmW4=
2017-06-07 20:44:53  [ main:0 ] - [ INFO ]  key-value编码： &AccessKeyId=LTAImKyenyClI8EV&Action=DescribeDomains&Format=JSON&SignatureMethod=HMAC-SHA1&SignatureNonce=933a4e68-221a-4e86-bf6e-031e8306769b&SignatureVersion=1.0&TimeStamp=2017-06-07T12%3A44%3A53Z&Version=2015-01-09
2017-06-07 20:44:53  [ main:5 ] - [ INFO ]  stringToSign: GET&%2F&AccessKeyId%3DLTAImKyenyClI8EV%26Action%3DDescribeDomains%26Format%3DJSON%26SignatureMethod%3DHMAC-SHA1%26SignatureNonce%3D933a4e68-221a-4e86-bf6e-031e8306769b%26SignatureVersion%3D1.0%26TimeStamp%3D2017-06-07T12%253A44%253A53Z%26Version%3D2015-01-09
2017-06-07 20:44:53  [ main:5 ] - [ INFO ]  canonicalizedQueryString: &AccessKeyId=LTAImKyenyClI8EV&Action=DescribeDomains&Format=JSON&SignatureMethod=HMAC-SHA1&SignatureNonce=933a4e68-221a-4e86-bf6e-031e8306769b&SignatureVersion=1.0&TimeStamp=2017-06-07T12%3A44%3A53Z&Version=2015-01-09
2017-06-07 20:44:54  [ main:225 ] - [ INFO ]  Signature=Bgw6CUji9RamdI4z6RSW0AdTUfg=
2017-06-07 20:44:54  [ main:225 ] - [ INFO ]  time: 2017-06-07T12:44:54Z
2017-06-07 20:44:54  [ main:225 ] - [ INFO ]  https://alidns.aliyuncs.com/?AccessKeyId=LTAImKyenyClI8EV&Action=DescribeDomains&Format=JSON&SignatureMethod=HMAC-SHA1&SignatureNonce=933a4e68-221a-4e86-bf6e-031e8306769b&SignatureVersion=1.0&TimeStamp=2017-06-07T12%3A44%3A53Z&Version=2015-01-09Signature=Bgw6CUji9RamdI4z6RSW0AdTUfg=
2017-06-07 20:45:22  [ main:0 ] - [ INFO ]  key-value编码： &AccessKeyId=LTAImKyenyClI8EV&Action=DescribeDomains&Format=JSON&SignatureMethod=HMAC-SHA1&SignatureNonce=70bb8339-e220-47cb-9120-9d63bb8bd59c&SignatureVersion=1.0&TimeStamp=2017-06-07T12%3A45%3A22Z&Version=2015-01-09
2017-06-07 20:45:22  [ main:4 ] - [ INFO ]  stringToSign: GET&%2F&AccessKeyId%3DLTAImKyenyClI8EV%26Action%3DDescribeDomains%26Format%3DJSON%26SignatureMethod%3DHMAC-SHA1%26SignatureNonce%3D70bb8339-e220-47cb-9120-9d63bb8bd59c%26SignatureVersion%3D1.0%26TimeStamp%3D2017-06-07T12%253A45%253A22Z%26Version%3D2015-01-09
2017-06-07 20:45:22  [ main:5 ] - [ INFO ]  canonicalizedQueryString: &AccessKeyId=LTAImKyenyClI8EV&Action=DescribeDomains&Format=JSON&SignatureMethod=HMAC-SHA1&SignatureNonce=70bb8339-e220-47cb-9120-9d63bb8bd59c&SignatureVersion=1.0&TimeStamp=2017-06-07T12%3A45%3A22Z&Version=2015-01-09
2017-06-07 20:45:22  [ main:275 ] - [ INFO ]  Signature=F6GSeirW1/hEkjitYghdo/dh4t4=
2017-06-07 20:45:22  [ main:275 ] - [ INFO ]  time: 2017-06-07T12:45:22Z
2017-06-07 20:45:22  [ main:276 ] - [ INFO ]  https://alidns.aliyuncs.com/?AccessKeyId=LTAImKyenyClI8EV&Action=DescribeDomains&Format=JSON&SignatureMethod=HMAC-SHA1&SignatureNonce=70bb8339-e220-47cb-9120-9d63bb8bd59c&SignatureVersion=1.0&TimeStamp=2017-06-07T12%3A45%3A22Z&Version=2015-01-09Signature=F6GSeirW1/hEkjitYghdo/dh4t4=
2017-06-07 20:46:39  [ main:0 ] - [ INFO ]  key-value编码： &AccessKeyId=LTAImKyenyClI8EV&Action=DescribeDomains&Format=JSON&SignatureMethod=HMAC-SHA1&SignatureNonce=dbe63c1f-90ef-4219-8e4f-054cbf7580a7&SignatureVersion=1.0&TimeStamp=2017-06-07T12%3A46%3A39Z&Version=2015-01-09
2017-06-07 20:46:39  [ main:5 ] - [ INFO ]  stringToSign: GET&%2F&AccessKeyId%3DLTAImKyenyClI8EV%26Action%3DDescribeDomains%26Format%3DJSON%26SignatureMethod%3DHMAC-SHA1%26SignatureNonce%3Ddbe63c1f-90ef-4219-8e4f-054cbf7580a7%26SignatureVersion%3D1.0%26TimeStamp%3D2017-06-07T12%253A46%253A39Z%26Version%3D2015-01-09
2017-06-07 20:46:39  [ main:5 ] - [ INFO ]  canonicalizedQueryString: &AccessKeyId=LTAImKyenyClI8EV&Action=DescribeDomains&Format=JSON&SignatureMethod=HMAC-SHA1&SignatureNonce=dbe63c1f-90ef-4219-8e4f-054cbf7580a7&SignatureVersion=1.0&TimeStamp=2017-06-07T12%3A46%3A39Z&Version=2015-01-09
2017-06-07 20:46:39  [ main:200 ] - [ INFO ]  Signature=mzoB3zLdA7R6mEdJYv5sEhbEmXo=
2017-06-07 20:46:39  [ main:201 ] - [ INFO ]  time: 2017-06-07T12:46:39Z
2017-06-07 20:46:39  [ main:201 ] - [ INFO ]  https://alidns.aliyuncs.com/?AccessKeyId=LTAImKyenyClI8EV&Action=DescribeDomains&Format=JSON&SignatureMethod=HMAC-SHA1&SignatureNonce=dbe63c1f-90ef-4219-8e4f-054cbf7580a7&SignatureVersion=1.0&TimeStamp=2017-06-07T12%3A46%3A39Z&Version=2015-01-09Signature=mzoB3zLdA7R6mEdJYv5sEhbEmXo=
2017-06-07 20:46:56  [ main:0 ] - [ INFO ]  key-value编码： &AccessKeyId=LTAImKyenyClI8EV&Action=DescribeDomains&Format=JSON&SignatureMethod=HMAC-SHA1&SignatureNonce=18e20b12-4622-452c-a78e-4aea05814fb1&SignatureVersion=1.0&TimeStamp=2017-06-07T12%3A46%3A55Z&Version=2015-01-09
2017-06-07 20:46:56  [ main:4 ] - [ INFO ]  stringToSign: GET&%2F&AccessKeyId%3DLTAImKyenyClI8EV%26Action%3DDescribeDomains%26Format%3DJSON%26SignatureMethod%3DHMAC-SHA1%26SignatureNonce%3D18e20b12-4622-452c-a78e-4aea05814fb1%26SignatureVersion%3D1.0%26TimeStamp%3D2017-06-07T12%253A46%253A55Z%26Version%3D2015-01-09
2017-06-07 20:46:56  [ main:5 ] - [ INFO ]  canonicalizedQueryString: &AccessKeyId=LTAImKyenyClI8EV&Action=DescribeDomains&Format=JSON&SignatureMethod=HMAC-SHA1&SignatureNonce=18e20b12-4622-452c-a78e-4aea05814fb1&SignatureVersion=1.0&TimeStamp=2017-06-07T12%3A46%3A55Z&Version=2015-01-09
2017-06-07 20:46:56  [ main:233 ] - [ INFO ]  Signature=FC60RL31Z8uvbns4+jNLjR3jOiI=
2017-06-07 20:46:56  [ main:236 ] - [ INFO ]  time: 2017-06-07T12:46:56Z
2017-06-07 20:46:56  [ main:237 ] - [ INFO ]  https://alidns.aliyuncs.com/?AccessKeyId=LTAImKyenyClI8EV&Action=DescribeDomains&Format=JSON&SignatureMethod=HMAC-SHA1&SignatureNonce=18e20b12-4622-452c-a78e-4aea05814fb1&SignatureVersion=1.0&TimeStamp=2017-06-07T12%3A46%3A55Z&Version=2015-01-09Signature=FC60RL31Z8uvbns4+jNLjR3jOiI=
2017-06-07 20:50:38  [ main:0 ] - [ INFO ]  key-value编码： &AccessKeyId=LTAImKyenyClI8EV&Action=DescribeDomains&Format=JSON&SignatureMethod=HMAC-SHA1&SignatureNonce=8ad0859d-3d99-4ee5-b3ac-ef81a1e4c50c&SignatureVersion=1.0.0&TimeStamp=2017-06-07T12%3A50%3A38Z&Version=2015-01-09
2017-06-07 20:50:38  [ main:6 ] - [ INFO ]  stringToSign: GET&%2F&AccessKeyId%3DLTAImKyenyClI8EV%26Action%3DDescribeDomains%26Format%3DJSON%26SignatureMethod%3DHMAC-SHA1%26SignatureNonce%3D8ad0859d-3d99-4ee5-b3ac-ef81a1e4c50c%26SignatureVersion%3D1.0.0%26TimeStamp%3D2017-06-07T12%253A50%253A38Z%26Version%3D2015-01-09
2017-06-07 20:50:38  [ main:8 ] - [ INFO ]  canonicalizedQueryString: &AccessKeyId=LTAImKyenyClI8EV&Action=DescribeDomains&Format=JSON&SignatureMethod=HMAC-SHA1&SignatureNonce=8ad0859d-3d99-4ee5-b3ac-ef81a1e4c50c&SignatureVersion=1.0.0&TimeStamp=2017-06-07T12%3A50%3A38Z&Version=2015-01-09
2017-06-07 20:50:38  [ main:198 ] - [ INFO ]  Signature=wwZosn1bmB1QTOlLLxGFZbCB+Y4=
2017-06-07 20:50:38  [ main:199 ] - [ INFO ]  time: 2017-06-07T12:50:38Z
2017-06-07 20:50:38  [ main:199 ] - [ INFO ]  https://alidns.aliyuncs.com/?AccessKeyId=LTAImKyenyClI8EV&Action=DescribeDomains&Format=JSON&SignatureMethod=HMAC-SHA1&SignatureNonce=8ad0859d-3d99-4ee5-b3ac-ef81a1e4c50c&SignatureVersion=1.0.0&TimeStamp=2017-06-07T12%3A50%3A38Z&Version=2015-01-09Signature=wwZosn1bmB1QTOlLLxGFZbCB+Y4=
2017-06-07 20:53:37  [ main:0 ] - [ INFO ]  key-value编码： &AccessKeyId=LTAImKyenyClI8EV&Action=DescribeDomains&Format=JSON&SignatureMethod=HMAC-SHA1&SignatureNonce=f23fe169-b8e9-443f-923e-21fe086618ce&SignatureVersion=2.0.1&TimeStamp=2017-06-07T12%3A53%3A36Z&Version=2016-07-04
2017-06-07 20:53:37  [ main:6 ] - [ INFO ]  stringToSign: GET&%2F&AccessKeyId%3DLTAImKyenyClI8EV%26Action%3DDescribeDomains%26Format%3DJSON%26SignatureMethod%3DHMAC-SHA1%26SignatureNonce%3Df23fe169-b8e9-443f-923e-21fe086618ce%26SignatureVersion%3D2.0.1%26TimeStamp%3D2017-06-07T12%253A53%253A36Z%26Version%3D2016-07-04
2017-06-07 20:53:37  [ main:7 ] - [ INFO ]  canonicalizedQueryString: &AccessKeyId=LTAImKyenyClI8EV&Action=DescribeDomains&Format=JSON&SignatureMethod=HMAC-SHA1&SignatureNonce=f23fe169-b8e9-443f-923e-21fe086618ce&SignatureVersion=2.0.1&TimeStamp=2017-06-07T12%3A53%3A36Z&Version=2016-07-04
2017-06-07 20:53:37  [ main:226 ] - [ INFO ]  Signature=XRuk98RoLC9D54VdH7bqu6WU2Qg=
2017-06-07 20:53:37  [ main:227 ] - [ INFO ]  time: 2017-06-07T12:53:37Z
2017-06-07 20:53:37  [ main:230 ] - [ INFO ]  https://alidns.aliyuncs.com/?AccessKeyId=LTAImKyenyClI8EV&Action=DescribeDomains&Format=JSON&SignatureMethod=HMAC-SHA1&SignatureNonce=f23fe169-b8e9-443f-923e-21fe086618ce&SignatureVersion=2.0.1&TimeStamp=2017-06-07T12%3A53%3A36Z&Version=2016-07-04Signature=XRuk98RoLC9D54VdH7bqu6WU2Qg=
2017-06-07 20:55:39  [ main:0 ] - [ INFO ]  key-value编码： &AccessKeyId=LTAImKyenyClI8EV&Action=DescribeDomains&Format=JSON&SignatureMethod=HMAC-SHA1&SignatureNonce=74fe833a-dee6-4a60-8092-a0cf413ec9c3&SignatureVersion=1.0&TimeStamp=2017-06-07T12%3A55%3A39Z&Version=2015-01-09
2017-06-07 20:55:40  [ main:4 ] - [ INFO ]  stringToSign: GET&%2F&AccessKeyId%3DLTAImKyenyClI8EV%26Action%3DDescribeDomains%26Format%3DJSON%26SignatureMethod%3DHMAC-SHA1%26SignatureNonce%3D74fe833a-dee6-4a60-8092-a0cf413ec9c3%26SignatureVersion%3D1.0%26TimeStamp%3D2017-06-07T12%253A55%253A39Z%26Version%3D2015-01-09
2017-06-07 20:55:40  [ main:5 ] - [ INFO ]  canonicalizedQueryString: &AccessKeyId=LTAImKyenyClI8EV&Action=DescribeDomains&Format=JSON&SignatureMethod=HMAC-SHA1&SignatureNonce=74fe833a-dee6-4a60-8092-a0cf413ec9c3&SignatureVersion=1.0&TimeStamp=2017-06-07T12%3A55%3A39Z&Version=2015-01-09
2017-06-07 20:55:40  [ main:195 ] - [ INFO ]  Signature=hUnFYyukA967zD8Va5ubpz+cUg0=
2017-06-07 20:55:40  [ main:195 ] - [ INFO ]  time: 2017-06-07T12:55:40Z
2017-06-07 20:55:40  [ main:195 ] - [ INFO ]  https://alidns.aliyuncs.com/?AccessKeyId=LTAImKyenyClI8EV&Action=DescribeDomains&Format=JSON&SignatureMethod=HMAC-SHA1&SignatureNonce=74fe833a-dee6-4a60-8092-a0cf413ec9c3&SignatureVersion=1.0&TimeStamp=2017-06-07T12%3A55%3A39Z&Version=2015-01-09Signature=hUnFYyukA967zD8Va5ubpz+cUg0=
2017-06-07 20:56:11  [ main:0 ] - [ INFO ]  key-value编码： &AccessKeyId=LTAImKyenyClI8EV&Action=DescribeDomains&Format=JSON&SignatureMethod=HMAC-SHA1&SignatureNonce=2e6f84c3-4c4e-49e9-82f1-2f3e7b9f4ac5&SignatureVersion=1.0&Timestamp=2017-06-07T12%3A56%3A11Z&Version=2015-01-09
2017-06-07 20:56:11  [ main:4 ] - [ INFO ]  stringToSign: GET&%2F&AccessKeyId%3DLTAImKyenyClI8EV%26Action%3DDescribeDomains%26Format%3DJSON%26SignatureMethod%3DHMAC-SHA1%26SignatureNonce%3D2e6f84c3-4c4e-49e9-82f1-2f3e7b9f4ac5%26SignatureVersion%3D1.0%26Timestamp%3D2017-06-07T12%253A56%253A11Z%26Version%3D2015-01-09
2017-06-07 20:56:11  [ main:5 ] - [ INFO ]  canonicalizedQueryString: &AccessKeyId=LTAImKyenyClI8EV&Action=DescribeDomains&Format=JSON&SignatureMethod=HMAC-SHA1&SignatureNonce=2e6f84c3-4c4e-49e9-82f1-2f3e7b9f4ac5&SignatureVersion=1.0&Timestamp=2017-06-07T12%3A56%3A11Z&Version=2015-01-09
2017-06-07 20:56:11  [ main:194 ] - [ INFO ]  Signature=AaQHzktLY1GLjVClg38upFjftps=
2017-06-07 20:56:11  [ main:196 ] - [ INFO ]  time: 2017-06-07T12:56:11Z
2017-06-07 20:56:11  [ main:196 ] - [ INFO ]  https://alidns.aliyuncs.com/?AccessKeyId=LTAImKyenyClI8EV&Action=DescribeDomains&Format=JSON&SignatureMethod=HMAC-SHA1&SignatureNonce=2e6f84c3-4c4e-49e9-82f1-2f3e7b9f4ac5&SignatureVersion=1.0&Timestamp=2017-06-07T12%3A56%3A11Z&Version=2015-01-09Signature=AaQHzktLY1GLjVClg38upFjftps=
2017-06-07 20:56:59  [ main:0 ] - [ INFO ]  key-value编码： &AccessKeyId=LTAImKyenyClI8EV&Action=DescribeDomains&Format=xml&SignatureMethod=HMAC-SHA1&SignatureNonce=4e496ce1-ccca-447a-a86c-32979fd99eef&SignatureVersion=1.0&TimeStamp=2017-06-07T12%3A56%3A59Z&Version=2015-01-09
2017-06-07 20:56:59  [ main:6 ] - [ INFO ]  stringToSign: GET&%2F&AccessKeyId%3DLTAImKyenyClI8EV%26Action%3DDescribeDomains%26Format%3Dxml%26SignatureMethod%3DHMAC-SHA1%26SignatureNonce%3D4e496ce1-ccca-447a-a86c-32979fd99eef%26SignatureVersion%3D1.0%26TimeStamp%3D2017-06-07T12%253A56%253A59Z%26Version%3D2015-01-09
2017-06-07 20:56:59  [ main:7 ] - [ INFO ]  canonicalizedQueryString: &AccessKeyId=LTAImKyenyClI8EV&Action=DescribeDomains&Format=xml&SignatureMethod=HMAC-SHA1&SignatureNonce=4e496ce1-ccca-447a-a86c-32979fd99eef&SignatureVersion=1.0&TimeStamp=2017-06-07T12%3A56%3A59Z&Version=2015-01-09
2017-06-07 20:56:59  [ main:277 ] - [ INFO ]  Signature=9WeLz3KYKBZyJsFYvOiUvBUW7X8=
2017-06-07 20:56:59  [ main:278 ] - [ INFO ]  time: 2017-06-07T12:56:59Z
2017-06-07 20:56:59  [ main:279 ] - [ INFO ]  https://alidns.aliyuncs.com/?AccessKeyId=LTAImKyenyClI8EV&Action=DescribeDomains&Format=xml&SignatureMethod=HMAC-SHA1&SignatureNonce=4e496ce1-ccca-447a-a86c-32979fd99eef&SignatureVersion=1.0&TimeStamp=2017-06-07T12%3A56%3A59Z&Version=2015-01-09Signature=9WeLz3KYKBZyJsFYvOiUvBUW7X8=
2017-06-07 20:58:49  [ main:0 ] - [ INFO ]  key-value编码： &AccessKeyId=LTAImKyenyClI8EV&Action=DescribeDomains&Format=json&SignatureMethod=HMAC-SHA1&SignatureNonce=a53a824a-9294-4d1a-8e76-4ec9ae0ba5fa&SignatureVersion=1.0&TimeStamp=2017-06-07T12%3A58%3A49Z&Version=2015-01-09
2017-06-07 20:58:49  [ main:6 ] - [ INFO ]  stringToSign: GET&%2F&AccessKeyId%3DLTAImKyenyClI8EV%26Action%3DDescribeDomains%26Format%3Djson%26SignatureMethod%3DHMAC-SHA1%26SignatureNonce%3Da53a824a-9294-4d1a-8e76-4ec9ae0ba5fa%26SignatureVersion%3D1.0%26TimeStamp%3D2017-06-07T12%253A58%253A49Z%26Version%3D2015-01-09
2017-06-07 20:58:49  [ main:7 ] - [ INFO ]  canonicalizedQueryString: &AccessKeyId=LTAImKyenyClI8EV&Action=DescribeDomains&Format=json&SignatureMethod=HMAC-SHA1&SignatureNonce=a53a824a-9294-4d1a-8e76-4ec9ae0ba5fa&SignatureVersion=1.0&TimeStamp=2017-06-07T12%3A58%3A49Z&Version=2015-01-09
2017-06-07 20:58:50  [ main:243 ] - [ INFO ]  Signature=Ez4doKEzrMM2UFZ8mws5uIkL3DM=
2017-06-07 20:58:50  [ main:244 ] - [ INFO ]  time: 2017-06-07T12:58:50Z
2017-06-07 20:58:50  [ main:244 ] - [ INFO ]  https://alidns.aliyuncs.com/?AccessKeyId=LTAImKyenyClI8EV&Action=DescribeDomains&Format=json&SignatureMethod=HMAC-SHA1&SignatureNonce=a53a824a-9294-4d1a-8e76-4ec9ae0ba5fa&SignatureVersion=1.0&TimeStamp=2017-06-07T12%3A58%3A49Z&Version=2015-01-09Signature=Ez4doKEzrMM2UFZ8mws5uIkL3DM=
2017-06-07 21:01:29  [ main:0 ] - [ INFO ]  key-value编码： &AccessKeyId=LTAImKyenyClI8EV&Action=DescribeDomainRecords&DomainName=www.justplay1994.win&Format=json&SignatureMethod=HMAC-SHA1&SignatureNonce=5aa9ab06-cef0-4f51-ab18-e8ef28bf9081&SignatureVersion=1.0&TimeStamp=2017-06-07T13%3A01%3A28Z&Version=2015-01-09
2017-06-07 21:01:29  [ main:5 ] - [ INFO ]  stringToSign: GET&%2F&AccessKeyId%3DLTAImKyenyClI8EV%26Action%3DDescribeDomainRecords%26DomainName%3Dwww.justplay1994.win%26Format%3Djson%26SignatureMethod%3DHMAC-SHA1%26SignatureNonce%3D5aa9ab06-cef0-4f51-ab18-e8ef28bf9081%26SignatureVersion%3D1.0%26TimeStamp%3D2017-06-07T13%253A01%253A28Z%26Version%3D2015-01-09
2017-06-07 21:01:29  [ main:5 ] - [ INFO ]  canonicalizedQueryString: &AccessKeyId=LTAImKyenyClI8EV&Action=DescribeDomainRecords&DomainName=www.justplay1994.win&Format=json&SignatureMethod=HMAC-SHA1&SignatureNonce=5aa9ab06-cef0-4f51-ab18-e8ef28bf9081&SignatureVersion=1.0&TimeStamp=2017-06-07T13%3A01%3A28Z&Version=2015-01-09
2017-06-07 21:01:29  [ main:274 ] - [ INFO ]  Signature=/YalPEwB0aH0P7o5Zgh12KlJuWY=
2017-06-07 21:01:29  [ main:275 ] - [ INFO ]  time: 2017-06-07T13:01:29Z
2017-06-07 21:01:29  [ main:276 ] - [ INFO ]  https://alidns.aliyuncs.com/?AccessKeyId=LTAImKyenyClI8EV&Action=DescribeDomainRecords&DomainName=www.justplay1994.win&Format=json&SignatureMethod=HMAC-SHA1&SignatureNonce=5aa9ab06-cef0-4f51-ab18-e8ef28bf9081&SignatureVersion=1.0&TimeStamp=2017-06-07T13%3A01%3A28Z&Version=2015-01-09Signature=/YalPEwB0aH0P7o5Zgh12KlJuWY=
2017-06-07 21:04:11  [ main:0 ] - [ INFO ]  key-value编码： &AccessKeyId=LTAImKyenyClI8EV&Action=DescribeDomains&Format=json&SignatureMethod=HMAC-SHA1&SignatureNonce=7690538d-0508-4650-8646-8b3a185bbd00&SignatureVersion=1.0&TimeStamp=2017-06-07T13%3A04%3A11Z&Version=2015-01-09
2017-06-07 21:04:11  [ main:4 ] - [ INFO ]  stringToSign: GET&%2F&AccessKeyId%3DLTAImKyenyClI8EV%26Action%3DDescribeDomains%26Format%3Djson%26SignatureMethod%3DHMAC-SHA1%26SignatureNonce%3D7690538d-0508-4650-8646-8b3a185bbd00%26SignatureVersion%3D1.0%26TimeStamp%3D2017-06-07T13%253A04%253A11Z%26Version%3D2015-01-09
2017-06-07 21:04:11  [ main:5 ] - [ INFO ]  canonicalizedQueryString: &AccessKeyId=LTAImKyenyClI8EV&Action=DescribeDomains&Format=json&SignatureMethod=HMAC-SHA1&SignatureNonce=7690538d-0508-4650-8646-8b3a185bbd00&SignatureVersion=1.0&TimeStamp=2017-06-07T13%3A04%3A11Z&Version=2015-01-09
2017-06-07 21:04:11  [ main:176 ] - [ INFO ]  Signature=/1lfBOuo4yihvLE3fToIohjk+sQ=
2017-06-07 21:04:11  [ main:177 ] - [ INFO ]  time: 2017-06-07T13:04:11Z
2017-06-07 21:04:11  [ main:179 ] - [ INFO ]  https://alidns.aliyuncs.com/?AccessKeyId=LTAImKyenyClI8EV&Action=DescribeDomains&Format=json&SignatureMethod=HMAC-SHA1&SignatureNonce=7690538d-0508-4650-8646-8b3a185bbd00&SignatureVersion=1.0&TimeStamp=2017-06-07T13%3A04%3A11Z&Version=2015-01-09Signature=/1lfBOuo4yihvLE3fToIohjk+sQ=
2017-06-07 21:11:43  [ main:0 ] - [ INFO ]  canonicalizedQueryString(key-value编码)： &AccessKeyId=LTAImKyenyClI8EV&Action=DescribeDomains&Format=json&SignatureMethod=HMAC-SHA1&SignatureNonce=cfebe6a0-e99a-4822-9271-36df787d44ff&SignatureVersion=1.0&TimeStamp=2017-06-07T13%3A11%3A43Z&Version=2015-01-09
2017-06-07 21:11:43  [ main:4 ] - [ INFO ]  stringToSign(用于签名的字符串): GET&%2F&AccessKeyId%3DLTAImKyenyClI8EV%26Action%3DDescribeDomains%26Format%3Djson%26SignatureMethod%3DHMAC-SHA1%26SignatureNonce%3Dcfebe6a0-e99a-4822-9271-36df787d44ff%26SignatureVersion%3D1.0%26TimeStamp%3D2017-06-07T13%253A11%253A43Z%26Version%3D2015-01-09
2017-06-07 21:11:43  [ main:228 ] - [ INFO ]  Signature=nqn5SYY+vwvEkamAfG3CdOI7AOU=
2017-06-07 21:11:43  [ main:229 ] - [ INFO ]  time: 2017-06-07T13:11:43Z
2017-06-07 21:11:43  [ main:230 ] - [ INFO ]  https://alidns.aliyuncs.com/?AccessKeyId=LTAImKyenyClI8EV&Action=DescribeDomains&Format=json&SignatureMethod=HMAC-SHA1&SignatureNonce=cfebe6a0-e99a-4822-9271-36df787d44ff&SignatureVersion=1.0&TimeStamp=2017-06-07T13%3A11%3A43Z&Version=2015-01-09Signature=nqn5SYY+vwvEkamAfG3CdOI7AOU=
2017-06-07 21:13:25  [ main:0 ] - [ INFO ]  canonicalizedQueryString(key-value编码)： &AccessKeyId=LTAImKyenyClI8EV&Action=DescribeDomains&Format=json&SignatureMethod=HMAC-SHA1&SignatureNonce=6a579301-7580-4c37-89c0-a9691a182082&SignatureVersion=1.0&TimeStamp=2017-06-07T13%3A13%3A25Z&Version=2015-01-09
2017-06-07 21:13:25  [ main:5 ] - [ INFO ]  stringToSign(用于签名的字符串): GET&%2F&AccessKeyId%3DLTAImKyenyClI8EV%26Action%3DDescribeDomains%26Format%3Djson%26SignatureMethod%3DHMAC-SHA1%26SignatureNonce%3D6a579301-7580-4c37-89c0-a9691a182082%26SignatureVersion%3D1.0%26TimeStamp%3D2017-06-07T13%253A13%253A25Z%26Version%3D2015-01-09
2017-06-07 21:13:25  [ main:195 ] - [ INFO ]  HMAC值：[B@3fee9989
2017-06-07 21:13:25  [ main:196 ] - [ INFO ]  Signature(base64编码后)=Dq9jFI/QEpOG5suGfbeL0tUX9ng=
2017-06-07 21:13:25  [ main:196 ] - [ INFO ]  time: 2017-06-07T13:13:25Z
2017-06-07 21:13:26  [ main:197 ] - [ INFO ]  https://alidns.aliyuncs.com/?AccessKeyId=LTAImKyenyClI8EV&Action=DescribeDomains&Format=json&SignatureMethod=HMAC-SHA1&SignatureNonce=6a579301-7580-4c37-89c0-a9691a182082&SignatureVersion=1.0&TimeStamp=2017-06-07T13%3A13%3A25Z&Version=2015-01-09Signature=Dq9jFI/QEpOG5suGfbeL0tUX9ng=
2017-06-07 21:14:08  [ main:0 ] - [ INFO ]  canonicalizedQueryString(key-value编码)： &AccessKeyId=LTAImKyenyClI8EV&Action=DescribeDomains&Format=json&SignatureMethod=HMAC-SHA1&SignatureNonce=7091e721-eb03-4c5c-88da-5366853f8d37&SignatureVersion=1.0&TimeStamp=2017-06-07T13%3A14%3A08Z&Version=2015-01-09
2017-06-07 21:14:08  [ main:4 ] - [ INFO ]  stringToSign(用于签名的字符串): GET&%2F&AccessKeyId%3DLTAImKyenyClI8EV%26Action%3DDescribeDomains%26Format%3Djson%26SignatureMethod%3DHMAC-SHA1%26SignatureNonce%3D7091e721-eb03-4c5c-88da-5366853f8d37%26SignatureVersion%3D1.0%26TimeStamp%3D2017-06-07T13%253A14%253A08Z%26Version%3D2015-01-09
2017-06-07 21:14:08  [ main:197 ] - [ INFO ]  HMAC值：[B@3fee9989
2017-06-07 21:14:08  [ main:198 ] - [ INFO ]  Signature(base64编码后)=oNI/3Q8VNj3NRQL/cTmBycHXQq0=
2017-06-07 21:14:08  [ main:198 ] - [ INFO ]  https://alidns.aliyuncs.com/?AccessKeyId=LTAImKyenyClI8EV&Action=DescribeDomains&Format=json&SignatureMethod=HMAC-SHA1&SignatureNonce=7091e721-eb03-4c5c-88da-5366853f8d37&SignatureVersion=1.0&TimeStamp=2017-06-07T13%3A14%3A08Z&Version=2015-01-09Signature=oNI/3Q8VNj3NRQL/cTmBycHXQq0=
2017-06-07 21:16:21  [ main:0 ] - [ INFO ]  canonicalizedQueryString(key-value编码)： &AccessKeyId=LTAImKyenyClI8EV&Action=DescribeDomains&Format=json&SignatureMethod=HMAC-SHA1&SignatureNonce=2b98cbf7-459e-4006-b73e-b1650fbc437d&SignatureVersion=1.0&TimeStamp=2017-06-07T13%3A16%3A21Z&Version=2015-01-09
2017-06-07 21:16:21  [ main:6 ] - [ INFO ]  stringToSign(用于签名的字符串): GET&%2F&AccessKeyId%3DLTAImKyenyClI8EV%26Action%3DDescribeDomains%26Format%3Djson%26SignatureMethod%3DHMAC-SHA1%26SignatureNonce%3D2b98cbf7-459e-4006-b73e-b1650fbc437d%26SignatureVersion%3D1.0%26TimeStamp%3D2017-06-07T13%253A16%253A21Z%26Version%3D2015-01-09
2017-06-07 21:16:22  [ main:232 ] - [ INFO ]  HMAC值：[B@3fee9989
2017-06-07 21:16:22  [ main:234 ] - [ INFO ]  Signature(base64编码后)=D0aVxwVQWGVsc6RTQfJ5SopuMrs=
2017-06-07 21:16:22  [ main:234 ] - [ INFO ]  https://alidns.aliyuncs.com/?AccessKeyId=LTAImKyenyClI8EV&Action=DescribeDomains&Format=json&SignatureMethod=HMAC-SHA1&SignatureNonce=2b98cbf7-459e-4006-b73e-b1650fbc437d&SignatureVersion=1.0&TimeStamp=2017-06-07T13%3A16%3A21Z&Version=2015-01-09&Signature=D0aVxwVQWGVsc6RTQfJ5SopuMrs=
2017-06-07 21:25:49  [ main:0 ] - [ INFO ]  canonicalizedQueryString(key-value编码)： &AccessKeyId=LTAImKyenyClI8EV&Action=DescribeDomains&Format=json&SignatureMethod=HMAC-SHA1&SignatureNonce=d687aa9d-f5d5-4790-b278-71005ed5edd7&SignatureVersion=1.0&TimeStamp=2017-06-07T13%3A25%3A49Z&Version=2015-01-09
2017-06-07 21:25:49  [ main:5 ] - [ INFO ]  stringToSign(用于签名的字符串): GET&%2F&AccessKeyId%3DLTAImKyenyClI8EV%26Action%3DDescribeDomains%26Format%3Djson%26SignatureMethod%3DHMAC-SHA1%26SignatureNonce%3Dd687aa9d-f5d5-4790-b278-71005ed5edd7%26SignatureVersion%3D1.0%26TimeStamp%3D2017-06-07T13%253A25%253A49Z%26Version%3D2015-01-09
2017-06-07 21:25:49  [ main:209 ] - [ INFO ]  keysecret: oTMsL9jLrI8ClagbPFSHi9SobjSBxq&
2017-06-07 21:25:49  [ main:210 ] - [ INFO ]  HMAC值：[B@3fee9989
2017-06-07 21:25:49  [ main:211 ] - [ INFO ]  Signature(base64编码后)=c5WobT2xRg9D0Xg0y2qu88f95zo=
2017-06-07 21:25:49  [ main:211 ] - [ INFO ]  https://alidns.aliyuncs.com/?AccessKeyId=LTAImKyenyClI8EV&Action=DescribeDomains&Format=json&SignatureMethod=HMAC-SHA1&SignatureNonce=d687aa9d-f5d5-4790-b278-71005ed5edd7&SignatureVersion=1.0&TimeStamp=2017-06-07T13%3A25%3A49Z&Version=2015-01-09&Signature=c5WobT2xRg9D0Xg0y2qu88f95zo=
2017-06-07 21:26:48  [ main:0 ] - [ INFO ]  canonicalizedQueryString(key-value编码)： &AccessKeyId=LTAImKyenyClI8EV&Action=DescribeDomains&Format=json&SignatureMethod=HMAC-SHA1&SignatureNonce=5dd9f506-f820-4d94-8b45-d75c4eab856e&SignatureVersion=1.0&TimeStamp=2017-06-07T13%3A26%3A48Z&Version=2015-01-09
2017-06-07 21:26:48  [ main:4 ] - [ INFO ]  stringToSign(用于签名的字符串): GET&%2F&AccessKeyId%3DLTAImKyenyClI8EV%26Action%3DDescribeDomains%26Format%3Djson%26SignatureMethod%3DHMAC-SHA1%26SignatureNonce%3D5dd9f506-f820-4d94-8b45-d75c4eab856e%26SignatureVersion%3D1.0%26TimeStamp%3D2017-06-07T13%253A26%253A48Z%26Version%3D2015-01-09
2017-06-07 21:26:48  [ main:158 ] - [ INFO ]  keysecret: oTMsL9jLrI8ClagbPFSHi9SobjSBxq&
2017-06-07 21:26:48  [ main:158 ] - [ INFO ]  HMAC值：[B@3fee9989
2017-06-07 21:26:48  [ main:159 ] - [ INFO ]  Signature(base64编码后)=fVM/Wc1KUzjGxzyvjjBOqjlT7Ns=
2017-06-07 21:26:48  [ main:160 ] - [ INFO ]  https://alidns.aliyuncs.com/?AccessKeyId=LTAImKyenyClI8EV&Action=DescribeDomains&Format=json&SignatureMethod=HMAC-SHA1&SignatureNonce=5dd9f506-f820-4d94-8b45-d75c4eab856e&SignatureVersion=1.0&TimeStamp=2017-06-07T13%3A26%3A48Z&Version=2015-01-09&Signature=fVM/Wc1KUzjGxzyvjjBOqjlT7Ns=
2017-06-07 21:27:52  [ main:0 ] - [ INFO ]  canonicalizedQueryString(key-value编码)： &AccessKeyId=LTAImKyenyClI8EV&Action=DescribeDomains&Format=json&SignatureMethod=HMAC-SHA1&SignatureNonce=4bb82b62-fef6-4b16-9027-3b97218a1557&SignatureVersion=1.0&TimeStamp=2017-06-07T13%3A27%3A52Z&Version=2015-01-09
2017-06-07 21:27:52  [ main:6 ] - [ INFO ]  stringToSign(用于签名的字符串): GET&%2F&AccessKeyId%3DLTAImKyenyClI8EV%26Action%3DDescribeDomains%26Format%3Djson%26SignatureMethod%3DHMAC-SHA1%26SignatureNonce%3D4bb82b62-fef6-4b16-9027-3b97218a1557%26SignatureVersion%3D1.0%26TimeStamp%3D2017-06-07T13%253A27%253A52Z%26Version%3D2015-01-09
2017-06-07 21:27:52  [ main:255 ] - [ INFO ]  keysecret: oTMsL9jLrI8ClagbPFSHi9SobjSBxq&
2017-06-07 21:27:52  [ main:256 ] - [ INFO ]  HMAC值：[B@3fee9989
2017-06-07 21:27:52  [ main:257 ] - [ INFO ]  Signature(base64编码后)=ZXPj5/s7Gd2jIRl/vAgDgGSmj24=
2017-06-07 21:27:52  [ main:257 ] - [ INFO ]  https://alidns.aliyuncs.com/?AccessKeyId=LTAImKyenyClI8EV&Action=DescribeDomains&Format=json&SignatureMethod=HMAC-SHA1&SignatureNonce=4bb82b62-fef6-4b16-9027-3b97218a1557&SignatureVersion=1.0&TimeStamp=2017-06-07T13%3A27%3A52Z&Version=2015-01-09&Signature=ZXPj5/s7Gd2jIRl/vAgDgGSmj24=
2017-06-07 22:48:56  [ main:0 ] - [ INFO ]  canonicalizedQueryString(key-value编码)： &AccessKeyId=LTAImKyenyClI8EV&Action=DescribeDomains&Format=json&SignatureMethod=HMAC-SHA1&SignatureNonce=736b356b-2727-4daa-927e-86b5e52e44fb&SignatureVersion=1.0&TimeStamp=2017-06-07T14%3A48%3A56Z&Version=2015-01-09
2017-06-07 22:48:56  [ main:5 ] - [ INFO ]  stringToSign(用于签名的字符串): GET&%2F&AccessKeyId%3DLTAImKyenyClI8EV%26Action%3DDescribeDomains%26Format%3Djson%26SignatureMethod%3DHMAC-SHA1%26SignatureNonce%3D736b356b-2727-4daa-927e-86b5e52e44fb%26SignatureVersion%3D1.0%26TimeStamp%3D2017-06-07T14%253A48%253A56Z%26Version%3D2015-01-09
2017-06-07 22:48:57  [ main:185 ] - [ INFO ]  keysecret: oTMsL9jLrI8ClagbPFSHi9SobjSBxq&
2017-06-07 22:48:57  [ main:186 ] - [ INFO ]  HMAC值：[B@3fee9989
2017-06-07 22:48:57  [ main:187 ] - [ INFO ]  Signature(base64编码后)=kQp+Gl0qEVEQFWlIt/oGqQS6530=
2017-06-07 22:48:57  [ main:187 ] - [ INFO ]  https://alidns.aliyuncs.com/?AccessKeyId=LTAImKyenyClI8EV&Action=DescribeDomains&Format=json&SignatureMethod=HMAC-SHA1&SignatureNonce=736b356b-2727-4daa-927e-86b5e52e44fb&SignatureVersion=1.0&TimeStamp=2017-06-07T14%3A48%3A56Z&Version=2015-01-09&Signature=kQp%2BGl0qEVEQFWlIt%2FoGqQS6530%3D
2017-06-07 23:01:47  [ main:0 ] - [ INFO ]  canonicalizedQueryString(key-value编码)： &AccessKeyId=LTAImKyenyClI8EV&Action=DescribeDomains&Format=json&SignatureMethod=HMAC-SHA1&SignatureNonce=57147d82-e8ee-47c0-a2bd-d65f17430cfe&SignatureVersion=1.0&TimeStamp=2017-06-07T15%3A01%3A47Z&Version=2015-01-09
2017-06-07 23:01:47  [ main:29 ] - [ INFO ]  stringToSign(用于签名的字符串): GET&%2F&AccessKeyId%3DLTAImKyenyClI8EV%26Action%3DDescribeDomains%26Format%3Djson%26SignatureMethod%3DHMAC-SHA1%26SignatureNonce%3D57147d82-e8ee-47c0-a2bd-d65f17430cfe%26SignatureVersion%3D1.0%26TimeStamp%3D2017-06-07T15%253A01%253A47Z%26Version%3D2015-01-09
2017-06-07 23:01:48  [ main:742 ] - [ INFO ]  keysecret: oTMsL9jLrI8ClagbPFSHi9SobjSBxq&
2017-06-07 23:01:48  [ main:742 ] - [ INFO ]  HMAC值：[B@5700d6b1
2017-06-07 23:01:48  [ main:743 ] - [ INFO ]  Signature(base64编码后)=hbIW4oz559GRXhxNc1dvPSSUpLg=
2017-06-07 23:01:48  [ main:744 ] - [ INFO ]  https://alidns.aliyuncs.com/?AccessKeyId=LTAImKyenyClI8EV&Action=DescribeDomains&Format=json&SignatureMethod=HMAC-SHA1&SignatureNonce=57147d82-e8ee-47c0-a2bd-d65f17430cfe&SignatureVersion=1.0&TimeStamp=2017-06-07T15%3A01%3A47Z&Version=2015-01-09&Signature=hbIW4oz559GRXhxNc1dvPSSUpLg%3D
2017-06-07 23:13:17  [ main:0 ] - [ INFO ]  canonicalizedQueryString(key-value编码)： &AccessKeyId=LTAImKyenyClI8EV&Action=DescribeDomains&Format=json&SignatureMethod=HMAC-SHA1&SignatureNonce=0255f264-7d0a-401d-86ab-b9b0ecf8388d&SignatureVersion=1.0&TimeStamp=2017-06-07T15%3A13%3A17Z&Version=2015-01-09
2017-06-07 23:13:17  [ main:6 ] - [ INFO ]  stringToSign(用于签名的字符串): GET&%2F&AccessKeyId%3DLTAImKyenyClI8EV%26Action%3DDescribeDomains%26Format%3Djson%26SignatureMethod%3DHMAC-SHA1%26SignatureNonce%3D0255f264-7d0a-401d-86ab-b9b0ecf8388d%26SignatureVersion%3D1.0%26TimeStamp%3D2017-06-07T15%253A13%253A17Z%26Version%3D2015-01-09
2017-06-07 23:13:17  [ main:286 ] - [ INFO ]  keysecret: oTMsL9jLrI8ClagbPFSHi9SobjSBxq&
2017-06-07 23:13:17  [ main:287 ] - [ INFO ]  HMAC值：[B@5700d6b1
2017-06-07 23:13:17  [ main:288 ] - [ INFO ]  Signature(base64编码后)=D36XbmsQDH9XZewa6RLIx0529lU=
2017-06-07 23:13:17  [ main:289 ] - [ INFO ]  signature编码后: D36XbmsQDH9XZewa6RLIx0529lU%3D
2017-06-07 23:13:17  [ main:289 ] - [ INFO ]  https://alidns.aliyuncs.com/?AccessKeyId=LTAImKyenyClI8EV&Action=DescribeDomains&Format=json&SignatureMethod=HMAC-SHA1&SignatureNonce=0255f264-7d0a-401d-86ab-b9b0ecf8388d&SignatureVersion=1.0&TimeStamp=2017-06-07T15%3A13%3A17Z&Version=2015-01-09&Signature=D36XbmsQDH9XZewa6RLIx0529lU%3D
2017-06-07 23:13:36  [ main:0 ] - [ INFO ]  canonicalizedQueryString(key-value编码)： &AccessKeyId=LTAImKyenyClI8EV&Action=DescribeDomains&Format=json&SignatureMethod=HMAC-SHA1&SignatureNonce=cf369b88-16d6-499d-a270-d1ef83870b2e&SignatureVersion=1.0&TimeStamp=2017-06-07T15%3A13%3A36Z&Version=2015-01-09
2017-06-07 23:13:36  [ main:6 ] - [ INFO ]  stringToSign(用于签名的字符串): GET&%2F&AccessKeyId%3DLTAImKyenyClI8EV%26Action%3DDescribeDomains%26Format%3Djson%26SignatureMethod%3DHMAC-SHA1%26SignatureNonce%3Dcf369b88-16d6-499d-a270-d1ef83870b2e%26SignatureVersion%3D1.0%26TimeStamp%3D2017-06-07T15%253A13%253A36Z%26Version%3D2015-01-09
2017-06-07 23:13:36  [ main:261 ] - [ INFO ]  keysecret: oTMsL9jLrI8ClagbPFSHi9SobjSBxq&
2017-06-07 23:13:36  [ main:262 ] - [ INFO ]  HMAC值：[B@5700d6b1
2017-06-07 23:13:36  [ main:263 ] - [ INFO ]  Signature(base64编码后)=+alHndsqbPJyRJNj6d/7Nd8HKXU=
2017-06-07 23:13:36  [ main:263 ] - [ INFO ]  signature编码后= %2BalHndsqbPJyRJNj6d%2F7Nd8HKXU%3D
2017-06-07 23:13:36  [ main:264 ] - [ INFO ]  https://alidns.aliyuncs.com/?AccessKeyId=LTAImKyenyClI8EV&Action=DescribeDomains&Format=json&SignatureMethod=HMAC-SHA1&SignatureNonce=cf369b88-16d6-499d-a270-d1ef83870b2e&SignatureVersion=1.0&TimeStamp=2017-06-07T15%3A13%3A36Z&Version=2015-01-09&Signature=%2BalHndsqbPJyRJNj6d%2F7Nd8HKXU%3D
